<?xml version="1.0" encoding="UTF-8"?>
<testsuite name="SILab2Test" tests="4" skipped="0" failures="0" errors="0" timestamp="2025-06-06T19:01:51" hostname="zenbook" time="0.036">
  <properties/>
  <testcase name="testInvalidCardCharacter()" classname="SILab2Test" time="0.026"/>
  <testcase name="testValidDiscountedItem()" classname="SILab2Test" time="0.001"/>
  <testcase name="testNullItemList()" classname="SILab2Test" time="0.002"/>
  <testcase name="testNullItemName()" classname="SILab2Test" time="0.002"/>
  <system-out><![CDATA[]]></system-out>
  <system-err><![CDATA[]]></system-err>
</testsuite>
